2022-09-22 12:12:34,583 [main] INFO  [DemoLogaopApplication] StartupInfoLogger.java:55 - Starting DemoLogaopApplication on LAPTOP-OF4K21RJ with PID 40016 (F:\java-demo\demo-logaop\target\classes started by xingweicheng in F:\java-demo)
2022-09-22 12:12:34,586 [main] INFO  [DemoLogaopApplication] SpringApplication.java:651 - No active profile set, falling back to default profiles: default
2022-09-22 12:12:35,256 [main] INFO  [o.s.boot.web.embedded.tomcat.TomcatWebServer] TomcatWebServer.java:108 - Tomcat initialized with port(s): 8080 (http)
2022-09-22 12:12:35,263 [main] INFO  [org.apache.catalina.core.StandardService] DirectJDKLog.java:173 - Starting service [Tomcat]
2022-09-22 12:12:35,264 [main] INFO  [org.apache.catalina.core.StandardEngine] DirectJDKLog.java:173 - Starting Servlet engine: [Apache Tomcat/9.0.41]
2022-09-22 12:12:35,264 [main] INFO  [org.apache.catalina.core.AprLifecycleListener] DirectJDKLog.java:173 - Loaded Apache Tomcat Native library [1.2.30] using APR version [1.7.0].
2022-09-22 12:12:35,264 [main] INFO  [org.apache.catalina.core.AprLifecycleListener] DirectJDKLog.java:173 - APR capabilities: IPv6 [true], sendfile [true], accept filters [false], random [true].
2022-09-22 12:12:35,264 [main] INFO  [org.apache.catalina.core.AprLifecycleListener] DirectJDKLog.java:173 - APR/OpenSSL configuration: useAprConnector [false], useOpenSSL [true]
2022-09-22 12:12:35,267 [main] INFO  [org.apache.catalina.core.AprLifecycleListener] DirectJDKLog.java:173 - OpenSSL successfully initialized [OpenSSL 1.1.1k  25 Mar 2021]
2022-09-22 12:12:35,330 [main] INFO  [o.a.c.core.ContainerBase.[Tomcat].[localhost].[/]] DirectJDKLog.java:173 - Initializing Spring embedded WebApplicationContext
2022-09-22 12:12:35,330 [main] INFO  [o.s.b.w.s.c.ServletWebServerApplicationContext] ServletWebServerApplicationContext.java:285 - Root WebApplicationContext: initialization completed in 703 ms
2022-09-22 12:12:35,458 [main] INFO  [o.s.scheduling.concurrent.ThreadPoolTaskExecutor] ExecutorConfigurationSupport.java:181 - Initializing ExecutorService 'applicationTaskExecutor'
2022-09-22 12:12:35,580 [main] INFO  [o.s.boot.web.embedded.tomcat.TomcatWebServer] TomcatWebServer.java:220 - Tomcat started on port(s): 8080 (http) with context path ''
2022-09-22 12:12:35,586 [main] INFO  [DemoLogaopApplication] StartupInfoLogger.java:61 - Started DemoLogaopApplication in 1.316 seconds (JVM running for 2.647)
2022-09-22 12:13:16,817 [http-nio-8080-exec-1] INFO  [o.a.c.core.ContainerBase.[Tomcat].[localhost].[/]] DirectJDKLog.java:173 - Initializing Spring DispatcherServlet 'dispatcherServlet'
2022-09-22 12:13:16,817 [http-nio-8080-exec-1] INFO  [org.springframework.web.servlet.DispatcherServlet] FrameworkServlet.java:525 - Initializing Servlet 'dispatcherServlet'
2022-09-22 12:13:16,821 [http-nio-8080-exec-1] INFO  [org.springframework.web.servlet.DispatcherServlet] FrameworkServlet.java:547 - Completed initialization in 3 ms
2022-09-22 12:13:31,450 [http-nio-8080-exec-3] INFO  [AopLog] AopLog.java:76 - Request Log Info : {"classMethod":"AopController.test","os":"WINDOWS_10","ip":"0:0:0:0:0:0:0:1","requestParams":{},"userAgent":"Mozilla/5.0 (Windows NT 10.0; Win64; x64) AppleWebKit/537.36 (KHTML, like Gecko) Chrome/104.0.0.0 Safari/537.36","httpMethod":"GET","threadName":"http-nio-8080-exec-3","url":"http://localhost:8080/test","threadId":"34","result":{"who":"me"},"browser":"CHROME10","timeCost":20}
2022-09-22 12:15:01,232 [http-nio-8080-exec-6] WARN  [o.s.w.s.m.support.DefaultHandlerExceptionResolver] AbstractHandlerExceptionResolver.java:199 - Resolved [org.springframework.web.HttpRequestMethodNotSupportedException: Request method 'GET' not supported]
2022-09-22 12:15:47,447 [http-nio-8080-exec-8] WARN  [o.s.w.s.m.support.DefaultHandlerExceptionResolver] AbstractHandlerExceptionResolver.java:199 - Resolved [org.springframework.web.HttpMediaTypeNotSupportedException: Content type 'text/plain;charset=UTF-8' not supported]
2022-09-22 12:17:13,159 [SpringContextShutdownHook] INFO  [o.s.scheduling.concurrent.ThreadPoolTaskExecutor] ExecutorConfigurationSupport.java:218 - Shutting down ExecutorService 'applicationTaskExecutor'
